<?xml version="1.0" encoding="UTF-8"?>
<testng-results ignored="0" total="1" passed="1" failed="0" skipped="0">
  <reporter-output>
  </reporter-output>
  <suite started-at="2024-02-23T04:58:06Z" name="Default suite" finished-at="2024-02-23T04:58:27Z" duration-ms="20311">
    <groups>
    </groups>
    <test started-at="2024-02-23T04:58:06Z" name="Default test" finished-at="2024-02-23T04:58:27Z" duration-ms="20311">
      <class name="mobileAutomation.AppiumBasics">
        <test-method is-config="true" signature="ConfigureAppium()[pri:0, instance:mobileAutomation.AppiumBasics@1c93f6e1]" started-at="2024-02-23T04:58:06Z" name="ConfigureAppium" finished-at="2024-02-23T04:58:19Z" duration-ms="12119" status="PASS">
          <reporter-output>
          </reporter-output>
        </test-method> <!-- ConfigureAppium -->
        <test-method signature="AppiumTest()[pri:0, instance:mobileAutomation.AppiumBasics@1c93f6e1]" started-at="2024-02-23T04:58:19Z" name="AppiumTest" finished-at="2024-02-23T04:58:26Z" duration-ms="7281" status="PASS">
          <reporter-output>
          </reporter-output>
        </test-method> <!-- AppiumTest -->
        <test-method is-config="true" signature="TearDown()[pri:0, instance:mobileAutomation.AppiumBasics@1c93f6e1]" started-at="2024-02-23T04:58:26Z" name="TearDown" finished-at="2024-02-23T04:58:27Z" duration-ms="889" status="PASS">
          <reporter-output>
          </reporter-output>
        </test-method> <!-- TearDown -->
      </class> <!-- mobileAutomation.AppiumBasics -->
    </test> <!-- Default test -->
  </suite> <!-- Default suite -->
</testng-results>
